0 info it worked if it ends with ok
1 verbose cli [ '/usr/local/bin/node', '/usr/local/bin/npm', 'start' ]
2 info using npm@3.10.10
3 info using node@v6.11.3
4 verbose run-script [ 'prestart', 'start', 'poststart' ]
5 info lifecycle application-name@0.0.1~prestart: application-name@0.0.1
6 silly lifecycle application-name@0.0.1~prestart: no script for prestart, continuing
7 info lifecycle application-name@0.0.1~start: application-name@0.0.1
8 verbose lifecycle application-name@0.0.1~start: unsafe-perm in lifecycle true
9 verbose lifecycle application-name@0.0.1~start: PATH: /usr/local/lib/node_modules/npm/bin/node-gyp-bin:/Users/yijiaqian/NCSAproject/GPython/node_modules/.bin:/Users/yijiaqian/anaconda/bin:/Users/yijiaqian/anaconda/bin:/Library/Frameworks/Python.framework/Versions/3.6/bin:/usr/local/bin:/usr/bin:/bin:/usr/sbin:/sbin:/Library/TeX/texbin
10 verbose lifecycle application-name@0.0.1~start: CWD: /Users/yijiaqian/NCSAproject/GPython
11 silly lifecycle application-name@0.0.1~start: Args: [ '-c', 'nodejs ./bin/www' ]
12 info lifecycle application-name@0.0.1~start: Failed to exec start script
13 verbose stack Error: application-name@0.0.1 start: `nodejs ./bin/www`
13 verbose stack spawn ENOENT
13 verbose stack     at ChildProcess.<anonymous> (/usr/local/lib/node_modules/npm/lib/utils/spawn.js:33:16)
13 verbose stack     at emitTwo (events.js:106:13)
13 verbose stack     at ChildProcess.emit (events.js:191:7)
13 verbose stack     at maybeClose (internal/child_process.js:920:16)
13 verbose stack     at Process.ChildProcess._handle.onexit (internal/child_process.js:230:5)
14 verbose pkgid application-name@0.0.1
15 verbose cwd /Users/yijiaqian/NCSAproject/GPython
16 error Darwin 16.7.0
17 error argv "/usr/local/bin/node" "/usr/local/bin/npm" "start"
18 error node v6.11.3
19 error npm  v3.10.10
20 error file sh
21 error code ELIFECYCLE
22 error errno ENOENT
23 error syscall spawn
24 error application-name@0.0.1 start: `nodejs ./bin/www`
24 error spawn ENOENT
25 error Failed at the application-name@0.0.1 start script 'nodejs ./bin/www'.
25 error Make sure you have the latest version of node.js and npm installed.
25 error If you do, this is most likely a problem with the application-name package,
25 error not with npm itself.
25 error Tell the author that this fails on your system:
25 error     nodejs ./bin/www
25 error You can get information on how to open an issue for this project with:
25 error     npm bugs application-name
25 error Or if that isn't available, you can get their info via:
25 error     npm owner ls application-name
25 error There is likely additional logging output above.
26 verbose exit [ 1, true ]
